android/app/build/intermediates/manifest_merge_blame_file/debug/processDebugMainManifest/manifest-merger-blame-debug-report.txt
1<?xml version="1.0" encoding="utf-8"?>
2<manifest xmlns:android="http://schemas.android.com/apk/res/android"
3    package="com.bedirliProductDetailScreen.A_class"
4    android:versionCode="1"
5    android:versionName="1.0.0" >
6
7    <uses-sdk
8        android:minSdkVersion="24"
9        android:targetSdkVersion="34" />
10
11    <uses-permission android:name="android.permission.SYSTEM_ALERT_WINDOW" />
11-->src\main\AndroidManifest.xml:6:3-75
11-->src\main\AndroidManifest.xml:6:20-73
12    <uses-permission android:name="android.permission.ACCESS_COARSE_LOCATION" />
12-->src\main\AndroidManifest.xml:2:3-78
12-->src\main\AndroidManifest.xml:2:20-76
13    <uses-permission android:name="android.permission.ACCESS_FINE_LOCATION" />
13-->src\main\AndroidManifest.xml:3:3-76
13-->src\main\AndroidManifest.xml:3:20-74
14    <uses-permission android:name="android.permission.INTERNET" />
14-->src\main\AndroidManifest.xml:4:3-64
14-->src\main\AndroidManifest.xml:4:20-62
15    <uses-permission android:name="android.permission.READ_EXTERNAL_STORAGE" />
15-->src\main\AndroidManifest.xml:5:3-77
15-->src\main\AndroidManifest.xml:5:20-75
16    <uses-permission android:name="android.permission.VIBRATE" />
16-->src\main\AndroidManifest.xml:7:3-63
16-->src\main\AndroidManifest.xml:7:20-61
17    <uses-permission android:name="android.permission.WRITE_EXTERNAL_STORAGE" />
17-->src\main\AndroidManifest.xml:8:3-78
17-->src\main\AndroidManifest.xml:8:20-76
18
19    <queries>
19-->src\main\AndroidManifest.xml:9:3-15:13
20        <intent>
20-->src\main\AndroidManifest.xml:10:5-14:14
21            <action android:name="android.intent.action.VIEW" />
21-->src\main\AndroidManifest.xml:11:7-58
21-->src\main\AndroidManifest.xml:11:15-56
22
23            <category android:name="android.intent.category.BROWSABLE" />
23-->src\main\AndroidManifest.xml:12:7-67
23-->src\main\AndroidManifest.xml:12:17-65
24
25            <data android:scheme="https" />
25-->src\main\AndroidManifest.xml:13:7-37
25-->src\main\AndroidManifest.xml:13:13-35
26        </intent>
27
28        <package android:name="host.exp.exponent" /> <!-- Query open documents -->
28-->[:expo-dev-launcher] AndroidManifest.xml:8:9-53
28-->[:expo-dev-launcher] AndroidManifest.xml:8:18-50
29        <intent>
29-->[:expo-file-system] AndroidManifest.xml:15:9-17:18
30            <action android:name="android.intent.action.OPEN_DOCUMENT_TREE" />
30-->[:expo-file-system] AndroidManifest.xml:16:13-79
30-->[:expo-file-system] AndroidManifest.xml:16:21-76
31        </intent> <!-- Needs to be explicitly declared on Android R+ -->
32        <package android:name="com.google.android.apps.maps" />
32-->[com.google.android.gms:play-services-maps:18.2.0] AndroidManifest.xml:33:9-64
32-->[com.google.android.gms:play-services-maps:18.2.0] AndroidManifest.xml:33:18-61
33    </queries>
34
35    <uses-permission android:name="android.permission.READ_MEDIA_IMAGES" />
35-->[:expo-media-library] AndroidManifest.xml:7:5-76
35-->[:expo-media-library] AndroidManifest.xml:7:22-73
36    <uses-permission android:name="android.permission.READ_MEDIA_VIDEO" />
36-->[:expo-media-library] AndroidManifest.xml:8:5-75
36-->[:expo-media-library] AndroidManifest.xml:8:22-72
37    <uses-permission android:name="android.permission.READ_MEDIA_AUDIO" />
37-->[:expo-media-library] AndroidManifest.xml:9:5-75
37-->[:expo-media-library] AndroidManifest.xml:9:22-72
38    <uses-permission android:name="android.permission.READ_MEDIA_VISUAL_USER_SELECTED" />
38-->[:expo-media-library] AndroidManifest.xml:10:5-90
38-->[:expo-media-library] AndroidManifest.xml:10:22-87
39    <uses-permission android:name="android.permission.RECEIVE_BOOT_COMPLETED" />
39-->[:expo-notifications] AndroidManifest.xml:7:5-81
39-->[:expo-notifications] AndroidManifest.xml:7:22-78
40    <uses-permission android:name="android.permission.POST_NOTIFICATIONS" /> <!-- Include required permissions for Google Maps API to run. -->
40-->[:expo-notifications] AndroidManifest.xml:8:5-77
40-->[:expo-notifications] AndroidManifest.xml:8:22-74
41    <uses-permission android:name="android.permission.ACCESS_NETWORK_STATE" />
41-->[com.google.android.gms:play-services-maps:18.2.0] AndroidManifest.xml:23:5-79
41-->[com.google.android.gms:play-services-maps:18.2.0] AndroidManifest.xml:23:22-76
42
43    <uses-feature
43-->[com.google.android.gms:play-services-maps:18.2.0] AndroidManifest.xml:26:5-28:35
44        android:glEsVersion="0x00020000"
44-->[com.google.android.gms:play-services-maps:18.2.0] AndroidManifest.xml:27:9-41
45        android:required="true" />
45-->[com.google.android.gms:play-services-maps:18.2.0] AndroidManifest.xml:28:9-32
46
47    <uses-permission android:name="android.permission.WAKE_LOCK" /> <!-- Required by older versions of Google Play services to create IID tokens -->
47-->[com.google.firebase:firebase-messaging:24.0.1] AndroidManifest.xml:24:5-68
47-->[com.google.firebase:firebase-messaging:24.0.1] AndroidManifest.xml:24:22-65
48    <uses-permission android:name="com.google.android.c2dm.permission.RECEIVE" />
48-->[com.google.firebase:firebase-messaging:24.0.1] AndroidManifest.xml:26:5-82
48-->[com.google.firebase:firebase-messaging:24.0.1] AndroidManifest.xml:26:22-79
49    <uses-permission android:name="android.permission.FOREGROUND_SERVICE" />
49-->[androidx.work:work-runtime:2.7.1] AndroidManifest.xml:28:5-77
49-->[androidx.work:work-runtime:2.7.1] AndroidManifest.xml:28:22-74
50
51    <permission
51-->[androidx.core:core:1.13.1] AndroidManifest.xml:22:5-24:47
52        android:name="com.bedirliProductDetailScreen.A_class.DYNAMIC_RECEIVER_NOT_EXPORTED_PERMISSION"
52-->[androidx.core:core:1.13.1] AndroidManifest.xml:23:9-81
53        android:protectionLevel="signature" />
53-->[androidx.core:core:1.13.1] AndroidManifest.xml:24:9-44
54
55    <uses-permission android:name="com.bedirliProductDetailScreen.A_class.DYNAMIC_RECEIVER_NOT_EXPORTED_PERMISSION" /> <!-- for android -->
55-->[androidx.core:core:1.13.1] AndroidManifest.xml:26:5-97
55-->[androidx.core:core:1.13.1] AndroidManifest.xml:26:22-94
56    <!-- <uses-permission android:name="com.android.launcher.permission.READ_SETTINGS"/> -->
57    <!-- <uses-permission android:name="com.android.launcher.permission.WRITE_SETTINGS"/> -->
58    <!-- <uses-permission android:name="com.android.launcher.permission.INSTALL_SHORTCUT" /> -->
59    <!-- <uses-permission android:name="com.android.launcher.permission.UNINSTALL_SHORTCUT" /> -->
60    <!-- for Samsung -->
61    <uses-permission android:name="com.sec.android.provider.badge.permission.READ" />
61-->[me.leolin:ShortcutBadger:1.1.22] AndroidManifest.xml:19:5-86
61-->[me.leolin:ShortcutBadger:1.1.22] AndroidManifest.xml:19:22-83
62    <uses-permission android:name="com.sec.android.provider.badge.permission.WRITE" /> <!-- for htc -->
62-->[me.leolin:ShortcutBadger:1.1.22] AndroidManifest.xml:20:5-87
62-->[me.leolin:ShortcutBadger:1.1.22] AndroidManifest.xml:20:22-84
63    <uses-permission android:name="com.htc.launcher.permission.READ_SETTINGS" />
63-->[me.leolin:ShortcutBadger:1.1.22] AndroidManifest.xml:23:5-81
63-->[me.leolin:ShortcutBadger:1.1.22] AndroidManifest.xml:23:22-78
64    <uses-permission android:name="com.htc.launcher.permission.UPDATE_SHORTCUT" /> <!-- for sony -->
64-->[me.leolin:ShortcutBadger:1.1.22] AndroidManifest.xml:24:5-83
64-->[me.leolin:ShortcutBadger:1.1.22] AndroidManifest.xml:24:22-80
65    <uses-permission android:name="com.sonyericsson.home.permission.BROADCAST_BADGE" />
65-->[me.leolin:ShortcutBadger:1.1.22] AndroidManifest.xml:27:5-88
65-->[me.leolin:ShortcutBadger:1.1.22] AndroidManifest.xml:27:22-85
66    <uses-permission android:name="com.sonymobile.home.permission.PROVIDER_INSERT_BADGE" /> <!-- for apex -->
66-->[me.leolin:ShortcutBadger:1.1.22] AndroidManifest.xml:28:5-92
66-->[me.leolin:ShortcutBadger:1.1.22] AndroidManifest.xml:28:22-89
67    <uses-permission android:name="com.anddoes.launcher.permission.UPDATE_COUNT" /> <!-- for solid -->
67-->[me.leolin:ShortcutBadger:1.1.22] AndroidManifest.xml:31:5-84
67-->[me.leolin:ShortcutBadger:1.1.22] AndroidManifest.xml:31:22-81
68    <uses-permission android:name="com.majeur.launcher.permission.UPDATE_BADGE" /> <!-- for huawei -->
68-->[me.leolin:ShortcutBadger:1.1.22] AndroidManifest.xml:34:5-83
68-->[me.leolin:ShortcutBadger:1.1.22] AndroidManifest.xml:34:22-80
69    <uses-permission android:name="com.huawei.android.launcher.permission.CHANGE_BADGE" />
69-->[me.leolin:ShortcutBadger:1.1.22] AndroidManifest.xml:37:5-91
69-->[me.leolin:ShortcutBadger:1.1.22] AndroidManifest.xml:37:22-88
70    <uses-permission android:name="com.huawei.android.launcher.permission.READ_SETTINGS" />
70-->[me.leolin:ShortcutBadger:1.1.22] AndroidManifest.xml:38:5-92
70-->[me.leolin:ShortcutBadger:1.1.22] AndroidManifest.xml:38:22-89
71    <uses-permission android:name="com.huawei.android.launcher.permission.WRITE_SETTINGS" /> <!-- for ZUK -->
71-->[me.leolin:ShortcutBadger:1.1.22] AndroidManifest.xml:39:5-93
71-->[me.leolin:ShortcutBadger:1.1.22] AndroidManifest.xml:39:22-90
72    <uses-permission android:name="android.permission.READ_APP_BADGE" /> <!-- for OPPO -->
72-->[me.leolin:ShortcutBadger:1.1.22] AndroidManifest.xml:42:5-73
72-->[me.leolin:ShortcutBadger:1.1.22] AndroidManifest.xml:42:22-70
73    <uses-permission android:name="com.oppo.launcher.permission.READ_SETTINGS" />
73-->[me.leolin:ShortcutBadger:1.1.22] AndroidManifest.xml:45:5-82
73-->[me.leolin:ShortcutBadger:1.1.22] AndroidManifest.xml:45:22-79
74    <uses-permission android:name="com.oppo.launcher.permission.WRITE_SETTINGS" /> <!-- for EvMe -->
74-->[me.leolin:ShortcutBadger:1.1.22] AndroidManifest.xml:46:5-83
74-->[me.leolin:ShortcutBadger:1.1.22] AndroidManifest.xml:46:22-80
75    <uses-permission android:name="me.everything.badger.permission.BADGE_COUNT_READ" />
75-->[me.leolin:ShortcutBadger:1.1.22] AndroidManifest.xml:49:5-88
75-->[me.leolin:ShortcutBadger:1.1.22] AndroidManifest.xml:49:22-85
76    <uses-permission android:name="me.everything.badger.permission.BADGE_COUNT_WRITE" />
76-->[me.leolin:ShortcutBadger:1.1.22] AndroidManifest.xml:50:5-89
76-->[me.leolin:ShortcutBadger:1.1.22] AndroidManifest.xml:50:22-86
77    <uses-permission android:name="com.google.android.finsky.permission.BIND_GET_INSTALL_REFERRER_SERVICE" />
77-->[com.android.installreferrer:installreferrer:2.2] AndroidManifest.xml:9:5-110
77-->[com.android.installreferrer:installreferrer:2.2] AndroidManifest.xml:9:22-107
78    <uses-permission android:name="com.google.android.providers.gsf.permission.READ_GSERVICES" />
78-->[:expo-location$io.nlopez.smartlocation-jetified-aar] AndroidManifest.xml:15:5-98
78-->[:expo-location$io.nlopez.smartlocation-jetified-aar] AndroidManifest.xml:15:22-95
79    <uses-permission android:name="com.google.android.gms.permission.ACTIVITY_RECOGNITION" />
79-->[:expo-location$io.nlopez.smartlocation-jetified-aar] AndroidManifest.xml:16:5-94
79-->[:expo-location$io.nlopez.smartlocation-jetified-aar] AndroidManifest.xml:16:22-91
80
81    <application
81-->src\main\AndroidManifest.xml:16:3-34:17
82        android:name="com.bedirliProductDetailScreen.A_class.MainApplication"
82-->src\main\AndroidManifest.xml:16:16-47
83        android:allowBackup="true"
83-->src\main\AndroidManifest.xml:16:162-188
84        android:appComponentFactory="androidx.core.app.CoreComponentFactory"
84-->[androidx.core:core:1.13.1] AndroidManifest.xml:28:18-86
85        android:debuggable="true"
86        android:extractNativeLibs="false"
87        android:icon="@mipmap/ic_launcher"
87-->src\main\AndroidManifest.xml:16:81-115
88        android:label="@string/app_name"
88-->src\main\AndroidManifest.xml:16:48-80
89        android:requestLegacyExternalStorage="true"
89-->src\main\AndroidManifest.xml:16:248-291
90        android:roundIcon="@mipmap/ic_launcher_round"
90-->src\main\AndroidManifest.xml:16:116-161
91        android:supportsRtl="true"
91-->src\main\AndroidManifest.xml:16:221-247
92        android:theme="@style/AppTheme"
92-->src\main\AndroidManifest.xml:16:189-220
93        android:usesCleartextTraffic="true" >
93-->src\debug\AndroidManifest.xml:6:18-53
94        <meta-data
94-->src\main\AndroidManifest.xml:17:5-83
95            android:name="expo.modules.updates.ENABLED"
95-->src\main\AndroidManifest.xml:17:16-59
96            android:value="false" />
96-->src\main\AndroidManifest.xml:17:60-81
97        <meta-data
97-->src\main\AndroidManifest.xml:18:5-105
98            android:name="expo.modules.updates.EXPO_UPDATES_CHECK_ON_LAUNCH"
98-->src\main\AndroidManifest.xml:18:16-80
99            android:value="ALWAYS" />
99-->src\main\AndroidManifest.xml:18:81-103
100        <meta-data
100-->src\main\AndroidManifest.xml:19:5-99
101            android:name="expo.modules.updates.EXPO_UPDATES_LAUNCH_WAIT_MS"
101-->src\main\AndroidManifest.xml:19:16-79
102            android:value="0" />
102-->src\main\AndroidManifest.xml:19:80-97
103
104        <activity
104-->src\main\AndroidManifest.xml:20:5-33:16
105            android:name="com.bedirliProductDetailScreen.A_class.MainActivity"
105-->src\main\AndroidManifest.xml:20:15-43
106            android:configChanges="keyboard|keyboardHidden|orientation|screenSize|screenLayout|uiMode"
106-->src\main\AndroidManifest.xml:20:44-134
107            android:exported="true"
107-->src\main\AndroidManifest.xml:20:256-279
108            android:launchMode="singleTask"
108-->src\main\AndroidManifest.xml:20:135-166
109            android:screenOrientation="portrait"
109-->src\main\AndroidManifest.xml:20:280-316
110            android:theme="@style/Theme.App.SplashScreen"
110-->src\main\AndroidManifest.xml:20:210-255
111            android:windowSoftInputMode="adjustResize" >
111-->src\main\AndroidManifest.xml:20:167-209
112            <intent-filter>
112-->src\main\AndroidManifest.xml:21:7-24:23
113                <action android:name="android.intent.action.MAIN" />
113-->src\main\AndroidManifest.xml:22:9-60
113-->src\main\AndroidManifest.xml:22:17-58
114
115                <category android:name="android.intent.category.LAUNCHER" />
115-->src\main\AndroidManifest.xml:23:9-68
115-->src\main\AndroidManifest.xml:23:19-66
116            </intent-filter>
117            <intent-filter>
117-->src\main\AndroidManifest.xml:25:7-32:23
118                <action android:name="android.intent.action.VIEW" />
118-->src\main\AndroidManifest.xml:11:7-58
118-->src\main\AndroidManifest.xml:11:15-56
119
120                <category android:name="android.intent.category.DEFAULT" />
120-->src\main\AndroidManifest.xml:27:9-67
120-->src\main\AndroidManifest.xml:27:19-65
121                <category android:name="android.intent.category.BROWSABLE" />
121-->src\main\AndroidManifest.xml:12:7-67
121-->src\main\AndroidManifest.xml:12:17-65
122
123                <data android:scheme="A class" />
123-->src\main\AndroidManifest.xml:13:7-37
123-->src\main\AndroidManifest.xml:13:13-35
124                <data android:scheme="com.bedirliProductDetailScreen.A_class" />
124-->src\main\AndroidManifest.xml:13:7-37
124-->src\main\AndroidManifest.xml:13:13-35
125                <data android:scheme="exp+aclass" />
125-->src\main\AndroidManifest.xml:13:7-37
125-->src\main\AndroidManifest.xml:13:13-35
126            </intent-filter>
127        </activity>
128
129        <provider
129-->[:react-native-image-picker] AndroidManifest.xml:8:9-16:20
130            android:name="com.imagepicker.ImagePickerProvider"
130-->[:react-native-image-picker] AndroidManifest.xml:9:13-63
131            android:authorities="com.bedirliProductDetailScreen.A_class.imagepickerprovider"
131-->[:react-native-image-picker] AndroidManifest.xml:10:13-71
132            android:exported="false"
132-->[:react-native-image-picker] AndroidManifest.xml:11:13-37
133            android:grantUriPermissions="true" >
133-->[:react-native-image-picker] AndroidManifest.xml:12:13-47
134            <meta-data
134-->[:react-native-image-picker] AndroidManifest.xml:13:13-15:70
135                android:name="android.support.FILE_PROVIDER_PATHS"
135-->[:react-native-image-picker] AndroidManifest.xml:14:17-67
136                android:resource="@xml/imagepicker_provider_paths" />
136-->[:react-native-image-picker] AndroidManifest.xml:15:17-67
137        </provider>
138        <provider
138-->[:react-native-share] AndroidManifest.xml:8:9-16:20
139            android:name="cl.json.RNShareFileProvider"
139-->[:react-native-share] AndroidManifest.xml:9:13-55
140            android:authorities="com.bedirliProductDetailScreen.A_class.rnshare.fileprovider"
140-->[:react-native-share] AndroidManifest.xml:10:13-72
141            android:exported="false"
141-->[:react-native-share] AndroidManifest.xml:11:13-37
142            android:grantUriPermissions="true" >
142-->[:react-native-share] AndroidManifest.xml:12:13-47
143            <meta-data
143-->[:react-native-image-picker] AndroidManifest.xml:13:13-15:70
144                android:name="android.support.FILE_PROVIDER_PATHS"
144-->[:react-native-image-picker] AndroidManifest.xml:14:17-67
145                android:resource="@xml/share_download_paths" />
145-->[:react-native-image-picker] AndroidManifest.xml:15:17-67
146        </provider>
147
148        <activity
148-->[:expo-dev-launcher] AndroidManifest.xml:12:9-25:20
149            android:name="expo.modules.devlauncher.launcher.DevLauncherActivity"
149-->[:expo-dev-launcher] AndroidManifest.xml:13:13-81
150            android:exported="true"
150-->[:expo-dev-launcher] AndroidManifest.xml:14:13-36
151            android:launchMode="singleTask"
151-->[:expo-dev-launcher] AndroidManifest.xml:15:13-44
152            android:theme="@style/Theme.DevLauncher.LauncherActivity" >
152-->[:expo-dev-launcher] AndroidManifest.xml:16:13-70
153            <intent-filter>
153-->[:expo-dev-launcher] AndroidManifest.xml:17:13-24:29
154                <action android:name="android.intent.action.VIEW" />
154-->src\main\AndroidManifest.xml:11:7-58
154-->src\main\AndroidManifest.xml:11:15-56
155
156                <category android:name="android.intent.category.DEFAULT" />
156-->src\main\AndroidManifest.xml:27:9-67
156-->src\main\AndroidManifest.xml:27:19-65
157                <category android:name="android.intent.category.BROWSABLE" />
157-->src\main\AndroidManifest.xml:12:7-67
157-->src\main\AndroidManifest.xml:12:17-65
158
159                <data android:scheme="expo-dev-launcher" />
159-->src\main\AndroidManifest.xml:13:7-37
159-->src\main\AndroidManifest.xml:13:13-35
160            </intent-filter>
161        </activity>
162        <activity
162-->[:expo-dev-launcher] AndroidManifest.xml:26:9-29:70
163            android:name="expo.modules.devlauncher.launcher.errors.DevLauncherErrorActivity"
163-->[:expo-dev-launcher] AndroidManifest.xml:27:13-93
164            android:screenOrientation="portrait"
164-->[:expo-dev-launcher] AndroidManifest.xml:28:13-49
165            android:theme="@style/Theme.DevLauncher.ErrorActivity" />
165-->[:expo-dev-launcher] AndroidManifest.xml:29:13-67
166        <activity
166-->[:expo-dev-menu] AndroidManifest.xml:8:9-21:20
167            android:name="expo.modules.devmenu.DevMenuActivity"
167-->[:expo-dev-menu] AndroidManifest.xml:9:13-64
168            android:exported="true"
168-->[:expo-dev-menu] AndroidManifest.xml:10:13-36
169            android:launchMode="singleTask"
169-->[:expo-dev-menu] AndroidManifest.xml:11:13-44
170            android:theme="@style/Theme.AppCompat.Transparent.NoActionBar" >
170-->[:expo-dev-menu] AndroidManifest.xml:12:13-75
171            <intent-filter>
171-->[:expo-dev-menu] AndroidManifest.xml:13:13-20:29
172                <action android:name="android.intent.action.VIEW" />
172-->src\main\AndroidManifest.xml:11:7-58
172-->src\main\AndroidManifest.xml:11:15-56
173
174                <category android:name="android.intent.category.DEFAULT" />
174-->src\main\AndroidManifest.xml:27:9-67
174-->src\main\AndroidManifest.xml:27:19-65
175                <category android:name="android.intent.category.BROWSABLE" />
175-->src\main\AndroidManifest.xml:12:7-67
175-->src\main\AndroidManifest.xml:12:17-65
176
177                <data android:scheme="expo-dev-menu" />
177-->src\main\AndroidManifest.xml:13:7-37
177-->src\main\AndroidManifest.xml:13:13-35
178            </intent-filter>
179        </activity>
180
181        <provider
181-->[:expo-file-system] AndroidManifest.xml:21:9-30:20
182            android:name="expo.modules.filesystem.FileSystemFileProvider"
182-->[:expo-file-system] AndroidManifest.xml:22:13-74
183            android:authorities="com.bedirliProductDetailScreen.A_class.FileSystemFileProvider"
183-->[:expo-file-system] AndroidManifest.xml:23:13-74
184            android:exported="false"
184-->[:expo-file-system] AndroidManifest.xml:24:13-37
185            android:grantUriPermissions="true" >
185-->[:expo-file-system] AndroidManifest.xml:25:13-47
186            <meta-data
186-->[:react-native-image-picker] AndroidManifest.xml:13:13-15:70
187                android:name="android.support.FILE_PROVIDER_PATHS"
187-->[:react-native-image-picker] AndroidManifest.xml:14:17-67
188                android:resource="@xml/file_system_provider_paths" />
188-->[:react-native-image-picker] AndroidManifest.xml:15:17-67
189        </provider>
190
191        <service
191-->[:expo-location] AndroidManifest.xml:11:9-14:56
192            android:name="expo.modules.location.services.LocationTaskService"
192-->[:expo-location] AndroidManifest.xml:12:13-78
193            android:exported="false"
193-->[:expo-location] AndroidManifest.xml:13:13-37
194            android:foregroundServiceType="location" />
194-->[:expo-location] AndroidManifest.xml:14:13-53
195        <service
195-->[:expo-notifications] AndroidManifest.xml:11:9-17:19
196            android:name="expo.modules.notifications.service.ExpoFirebaseMessagingService"
196-->[:expo-notifications] AndroidManifest.xml:12:13-91
197            android:exported="false" >
197-->[:expo-notifications] AndroidManifest.xml:13:13-37
198            <intent-filter android:priority="-1" >
198-->[:expo-notifications] AndroidManifest.xml:14:13-16:29
198-->[:expo-notifications] AndroidManifest.xml:14:28-49
199                <action android:name="com.google.firebase.MESSAGING_EVENT" />
199-->[:expo-notifications] AndroidManifest.xml:15:17-78
199-->[:expo-notifications] AndroidManifest.xml:15:25-75
200            </intent-filter>
201        </service>
202
203        <receiver
203-->[:expo-notifications] AndroidManifest.xml:19:9-31:20
204            android:name="expo.modules.notifications.service.NotificationsService"
204-->[:expo-notifications] AndroidManifest.xml:20:13-83
205            android:enabled="true"
205-->[:expo-notifications] AndroidManifest.xml:21:13-35
206            android:exported="false" >
206-->[:expo-notifications] AndroidManifest.xml:22:13-37
207            <intent-filter android:priority="-1" >
207-->[:expo-notifications] AndroidManifest.xml:23:13-30:29
207-->[:expo-notifications] AndroidManifest.xml:23:28-49
208                <action android:name="expo.modules.notifications.NOTIFICATION_EVENT" />
208-->[:expo-notifications] AndroidManifest.xml:24:17-88
208-->[:expo-notifications] AndroidManifest.xml:24:25-85
209                <action android:name="android.intent.action.BOOT_COMPLETED" />
209-->[:expo-notifications] AndroidManifest.xml:25:17-79
209-->[:expo-notifications] AndroidManifest.xml:25:25-76
210                <action android:name="android.intent.action.REBOOT" />
210-->[:expo-notifications] AndroidManifest.xml:26:17-71
210-->[:expo-notifications] AndroidManifest.xml:26:25-68
211                <action android:name="android.intent.action.QUICKBOOT_POWERON" />
211-->[:expo-notifications] AndroidManifest.xml:27:17-82
211-->[:expo-notifications] AndroidManifest.xml:27:25-79
212                <action android:name="com.htc.intent.action.QUICKBOOT_POWERON" />
212-->[:expo-notifications] AndroidManifest.xml:28:17-82
212-->[:expo-notifications] AndroidManifest.xml:28:25-79
213                <action android:name="android.intent.action.MY_PACKAGE_REPLACED" />
213-->[:expo-notifications] AndroidManifest.xml:29:17-84
213-->[:expo-notifications] AndroidManifest.xml:29:25-81
214            </intent-filter>
215        </receiver>
216
217        <activity
217-->[:expo-notifications] AndroidManifest.xml:33:9-40:75
218            android:name="expo.modules.notifications.service.NotificationForwarderActivity"
218-->[:expo-notifications] AndroidManifest.xml:34:13-92
219            android:excludeFromRecents="true"
219-->[:expo-notifications] AndroidManifest.xml:35:13-46
220            android:exported="false"
220-->[:expo-notifications] AndroidManifest.xml:36:13-37
221            android:launchMode="standard"
221-->[:expo-notifications] AndroidManifest.xml:37:13-42
222            android:noHistory="true"
222-->[:expo-notifications] AndroidManifest.xml:38:13-37
223            android:taskAffinity=""
223-->[:expo-notifications] AndroidManifest.xml:39:13-36
224            android:theme="@android:style/Theme.Translucent.NoTitleBar" />
224-->[:expo-notifications] AndroidManifest.xml:40:13-72
225
226        <meta-data
226-->[:expo-modules-core] AndroidManifest.xml:9:9-11:89
227            android:name="org.unimodules.core.AppLoader#react-native-headless"
227-->[:expo-modules-core] AndroidManifest.xml:10:13-79
228            android:value="expo.modules.adapters.react.apploader.RNHeadlessAppLoader" />
228-->[:expo-modules-core] AndroidManifest.xml:11:13-86
229        <meta-data
229-->[:expo-modules-core] AndroidManifest.xml:12:9-15:45
230            android:name="com.facebook.soloader.enabled"
230-->[:expo-modules-core] AndroidManifest.xml:13:13-57
231            android:value="true" />
231-->[:expo-modules-core] AndroidManifest.xml:14:13-33
232
233        <activity
233-->[com.facebook.react:react-android:0.76.7] AndroidManifest.xml:19:9-21:40
234            android:name="com.facebook.react.devsupport.DevSettingsActivity"
234-->[com.facebook.react:react-android:0.76.7] AndroidManifest.xml:20:13-77
235            android:exported="false" />
235-->[com.facebook.react:react-android:0.76.7] AndroidManifest.xml:21:13-37
236
237        <meta-data
237-->[com.github.bumptech.glide:okhttp3-integration:4.12.0] AndroidManifest.xml:11:9-13:43
238            android:name="com.bumptech.glide.integration.okhttp3.OkHttpGlideModule"
238-->[com.github.bumptech.glide:okhttp3-integration:4.12.0] AndroidManifest.xml:12:13-84
239            android:value="GlideModule" />
239-->[com.github.bumptech.glide:okhttp3-integration:4.12.0] AndroidManifest.xml:13:13-40
240        <meta-data
240-->[com.google.maps.android:android-maps-utils:3.8.2] AndroidManifest.xml:8:9-10:69
241            android:name="com.google.android.gms.version"
241-->[com.google.maps.android:android-maps-utils:3.8.2] AndroidManifest.xml:9:13-58
242            android:value="@integer/google_play_services_version" /> <!-- Needs to be explicitly declared on P+ -->
242-->[com.google.maps.android:android-maps-utils:3.8.2] AndroidManifest.xml:10:13-66
243        <uses-library
243-->[com.google.android.gms:play-services-maps:18.2.0] AndroidManifest.xml:39:9-41:40
244            android:name="org.apache.http.legacy"
244-->[com.google.android.gms:play-services-maps:18.2.0] AndroidManifest.xml:40:13-50
245            android:required="false" />
245-->[com.google.android.gms:play-services-maps:18.2.0] AndroidManifest.xml:41:13-37
246
247        <receiver
247-->[com.google.firebase:firebase-messaging:24.0.1] AndroidManifest.xml:29:9-40:20
248            android:name="com.google.firebase.iid.FirebaseInstanceIdReceiver"
248-->[com.google.firebase:firebase-messaging:24.0.1] AndroidManifest.xml:30:13-78
249            android:exported="true"
249-->[com.google.firebase:firebase-messaging:24.0.1] AndroidManifest.xml:31:13-36
250            android:permission="com.google.android.c2dm.permission.SEND" >
250-->[com.google.firebase:firebase-messaging:24.0.1] AndroidManifest.xml:32:13-73
251            <intent-filter>
251-->[com.google.firebase:firebase-messaging:24.0.1] AndroidManifest.xml:33:13-35:29
252                <action android:name="com.google.android.c2dm.intent.RECEIVE" />
252-->[com.google.firebase:firebase-messaging:24.0.1] AndroidManifest.xml:34:17-81
252-->[com.google.firebase:firebase-messaging:24.0.1] AndroidManifest.xml:34:25-78
253            </intent-filter>
254
255            <meta-data
255-->[com.google.firebase:firebase-messaging:24.0.1] AndroidManifest.xml:37:13-39:40
256                android:name="com.google.android.gms.cloudmessaging.FINISHED_AFTER_HANDLED"
256-->[com.google.firebase:firebase-messaging:24.0.1] AndroidManifest.xml:38:17-92
257                android:value="true" />
257-->[com.google.firebase:firebase-messaging:24.0.1] AndroidManifest.xml:39:17-37
258        </receiver>
259        <!--
260             FirebaseMessagingService performs security checks at runtime,
261             but set to not exported to explicitly avoid allowing another app to call it.
262        -->
263        <service
263-->[com.google.firebase:firebase-messaging:24.0.1] AndroidManifest.xml:46:9-53:19
264            android:name="com.google.firebase.messaging.FirebaseMessagingService"
264-->[com.google.firebase:firebase-messaging:24.0.1] AndroidManifest.xml:47:13-82
265            android:directBootAware="true"
265-->[com.google.firebase:firebase-messaging:24.0.1] AndroidManifest.xml:48:13-43
266            android:exported="false" >
266-->[com.google.firebase:firebase-messaging:24.0.1] AndroidManifest.xml:49:13-37
267            <intent-filter android:priority="-500" >
267-->[:expo-notifications] AndroidManifest.xml:14:13-16:29
267-->[:expo-notifications] AndroidManifest.xml:14:28-49
268                <action android:name="com.google.firebase.MESSAGING_EVENT" />
268-->[:expo-notifications] AndroidManifest.xml:15:17-78
268-->[:expo-notifications] AndroidManifest.xml:15:25-75
269            </intent-filter>